<?xml version="1.0" encoding="UTF-8"?>
<!-- Generated by org.testng.reporters.JUnitXMLReporter -->
<testsuite hostname="IRONMAN" ignored="0" name="Default test" tests="7" failures="0" timestamp="2021-10-20T17:00:07 IST" time="47.131" errors="0">
  <testcase name="homePageLanding" time="16.997" classname="com.mindtree.runner.AtlanticBooks"/>
  <testcase name="signInTesting" time="4.335" classname="com.mindtree.runner.AtlanticBooks"/>
  <testcase name="signInTesting" time="0.725" classname="com.mindtree.runner.AtlanticBooks"/>
  <testcase name="signInTesting" time="0.596" classname="com.mindtree.runner.AtlanticBooks"/>
  <testcase name="searchProductTesting" time="6.11" classname="com.mindtree.runner.AtlanticBooks"/>
  <testcase name="selectProductTesting" time="8.671" classname="com.mindtree.runner.AtlanticBooks"/>
  <testcase name="addToCardTesting" time="5.287" classname="com.mindtree.runner.AtlanticBooks"/>
</testsuite> <!-- Default test -->
